app/build/intermediates/manifest_merge_blame_file/FunTV_ANDROID_GOOGLE_PLAYRelease/manifest-merger-blame-FunTV_ANDROID_GOOGLE_PLAY-release-report.txt
1<?xml version="1.0" encoding="utf-8"?>
2<manifest xmlns:android="http://schemas.android.com/apk/res/android"
3    package="com.smedia.funreels"
4    android:versionCode="310"
5    android:versionName="1.6.2" >
6
7    <uses-sdk
8        android:minSdkVersion="21"
8-->src\main\AndroidManifest.xml
9        android:targetSdkVersion="33" />
9-->src\main\AndroidManifest.xml
10
11    <uses-permission android:name="android.permission.ACCESS_NETWORK_STATE" />
11-->[:module_play] AndroidManifest.xml:9:5-79
11-->[:module_play] AndroidManifest.xml:9:22-76
12
13    <uses-feature
13-->[:lib_base] AndroidManifest.xml:17:5-19:36
14        android:name="android.hardware.camera"
14-->[:lib_base] AndroidManifest.xml:18:9-47
15        android:required="false" />
15-->[:lib_base] AndroidManifest.xml:19:9-33
16
17    <uses-permission android:name="android.permission.CAMERA" /> <!-- 请求访问网络 -->
17-->[:lib_base] AndroidManifest.xml:21:5-65
17-->[:lib_base] AndroidManifest.xml:21:22-62
18    <uses-permission android:name="android.permission.INTERNET" />
18-->[:lib_base] AndroidManifest.xml:23:5-67
18-->[:lib_base] AndroidManifest.xml:23:22-64
19    <uses-permission
19-->[:lib_base] AndroidManifest.xml:24:5-26:38
20        android:name="android.permission.READ_EXTERNAL_STORAGE"
20-->[:lib_base] AndroidManifest.xml:25:9-64
21        android:maxSdkVersion="32" />
21-->[:lib_base] AndroidManifest.xml:26:9-35
22    <uses-permission android:name="android.permission.SYSTEM_ALERT_WINDOW" />
22-->[:lib_base] AndroidManifest.xml:27:5-78
22-->[:lib_base] AndroidManifest.xml:27:22-75
23    <uses-permission android:name="android.permission.ACCESS_WIFI_STATE" />
23-->[:lib_base] AndroidManifest.xml:28:5-76
23-->[:lib_base] AndroidManifest.xml:28:22-73
24    <uses-permission android:name="android.permission.WRITE_SETTINGS" />
24-->[:lib_base] AndroidManifest.xml:29:5-31:47
24-->[:lib_base] AndroidManifest.xml:30:9-57
25    <uses-permission android:name="android.permission.MOUNT_UNMOUNT_FILESYSTEMS" />
25-->[:lib_base] AndroidManifest.xml:32:5-34:47
25-->[:lib_base] AndroidManifest.xml:33:9-68
26    <uses-permission android:name="com.android.vending.BILLING" />
26-->[:lib_base] AndroidManifest.xml:35:5-67
26-->[:lib_base] AndroidManifest.xml:35:22-64
27    <uses-permission android:name="com.farsitel.bazaar.permission.PAY_THROUGH_BAZAAR" />
27-->[:lib_base] AndroidManifest.xml:36:5-89
27-->[:lib_base] AndroidManifest.xml:36:22-86
28    <uses-permission android:name="android.permission.READ_CONTACTS" />
28-->[:lib_base] AndroidManifest.xml:37:5-72
28-->[:lib_base] AndroidManifest.xml:37:22-69
29    <uses-permission android:name="android.permission.READ_DEVICE_CONFIG" />
29-->[:lib_base] AndroidManifest.xml:38:5-40:47
29-->[:lib_base] AndroidManifest.xml:39:9-61
30    <uses-permission android:name="android.permission.WRITE_DEVICE_CONFIG" />
30-->[:lib_base] AndroidManifest.xml:41:5-43:47
30-->[:lib_base] AndroidManifest.xml:42:9-62
31    <uses-permission android:name="com.google.android.gms.permission.AD_ID" />
31-->[:lib_base] AndroidManifest.xml:44:5-79
31-->[:lib_base] AndroidManifest.xml:44:22-76
32    <uses-permission android:name="android.permission.READ_DEVICE_CONFIG" />
32-->[:lib_base] AndroidManifest.xml:38:5-40:47
32-->[:lib_base] AndroidManifest.xml:39:9-61
33    <uses-permission android:name="android.permission.WRITE_DEVICE_CONFIG" /> <!-- Android13适配通知栏权限 -->
33-->[:lib_base] AndroidManifest.xml:41:5-43:47
33-->[:lib_base] AndroidManifest.xml:42:9-62
34    <uses-permission android:name="android.permission.POST_NOTIFICATIONS" />
34-->[:lib_base] AndroidManifest.xml:52:5-77
34-->[:lib_base] AndroidManifest.xml:52:22-74
35
36    <queries>
36-->[com.appsflyer:af-android-sdk:6.12.3] AndroidManifest.xml:11:5-15:15
37        <intent>
37-->[com.appsflyer:af-android-sdk:6.12.3] AndroidManifest.xml:12:9-14:18
38            <action android:name="com.appsflyer.referrer.INSTALL_PROVIDER" />
38-->[com.appsflyer:af-android-sdk:6.12.3] AndroidManifest.xml:13:13-78
38-->[com.appsflyer:af-android-sdk:6.12.3] AndroidManifest.xml:13:21-75
39        </intent>
40        <!-- For browser content -->
41        <intent>
41-->[com.google.android.gms:play-services-ads-lite:23.1.0] AndroidManifest.xml:38:9-44:18
42            <action android:name="android.intent.action.VIEW" />
42-->[:module_main] AndroidManifest.xml:27:17-69
42-->[:module_main] AndroidManifest.xml:27:25-66
43
44            <category android:name="android.intent.category.BROWSABLE" />
44-->[:module_main] AndroidManifest.xml:30:17-78
44-->[:module_main] AndroidManifest.xml:30:27-75
45
46            <data android:scheme="https" />
46-->[:module_main] AndroidManifest.xml:32:17-34:50
46-->[:module_main] AndroidManifest.xml:34:21-47
47        </intent> <!-- End of browser content -->
48        <!-- For CustomTabsService -->
49        <intent>
49-->[com.google.android.gms:play-services-ads-lite:23.1.0] AndroidManifest.xml:47:9-49:18
50            <action android:name="android.support.customtabs.action.CustomTabsService" />
50-->[com.google.android.gms:play-services-ads-lite:23.1.0] AndroidManifest.xml:48:13-90
50-->[com.google.android.gms:play-services-ads-lite:23.1.0] AndroidManifest.xml:48:21-87
51        </intent>
52
53        <package android:name="com.facebook.katana" />
53-->[com.facebook.android:facebook-common:17.0.0] AndroidManifest.xml:18:9-55
53-->[com.facebook.android:facebook-common:17.0.0] AndroidManifest.xml:18:18-52
54
55        <intent>
55-->[com.applovin:applovin-sdk:12.3.0] AndroidManifest.xml:8:9-10:18
56            <action android:name="com.applovin.am.intent.action.APPHUB_SERVICE" />
56-->[com.applovin:applovin-sdk:12.3.0] AndroidManifest.xml:9:13-83
56-->[com.applovin:applovin-sdk:12.3.0] AndroidManifest.xml:9:21-80
57        </intent>
58        <intent>
58-->[com.android.billingclient:billing:6.0.0] AndroidManifest.xml:13:9-15:18
59            <action android:name="com.android.vending.billing.InAppBillingService.BIND" />
59-->[com.android.billingclient:billing:6.0.0] AndroidManifest.xml:14:13-91
59-->[com.android.billingclient:billing:6.0.0] AndroidManifest.xml:14:21-88
60        </intent>
61    </queries>
62
63    <uses-permission android:name="android.permission.ACCESS_ADSERVICES_AD_ID" />
63-->[com.google.android.gms:play-services-ads-lite:23.1.0] AndroidManifest.xml:27:5-82
63-->[com.google.android.gms:play-services-ads-lite:23.1.0] AndroidManifest.xml:27:22-79
64    <uses-permission android:name="android.permission.ACCESS_ADSERVICES_ATTRIBUTION" />
64-->[com.google.android.gms:play-services-ads-lite:23.1.0] AndroidManifest.xml:28:5-88
64-->[com.google.android.gms:play-services-ads-lite:23.1.0] AndroidManifest.xml:28:22-85
65    <uses-permission android:name="android.permission.ACCESS_ADSERVICES_TOPICS" />
65-->[com.google.android.gms:play-services-ads-lite:23.1.0] AndroidManifest.xml:29:5-83
65-->[com.google.android.gms:play-services-ads-lite:23.1.0] AndroidManifest.xml:29:22-80
66    <uses-permission android:name="android.permission.WAKE_LOCK" />
66-->[androidx.work:work-runtime:2.7.0] AndroidManifest.xml:25:5-68
66-->[androidx.work:work-runtime:2.7.0] AndroidManifest.xml:25:22-65
67    <uses-permission android:name="android.permission.FOREGROUND_SERVICE" />
67-->[androidx.work:work-runtime:2.7.0] AndroidManifest.xml:28:5-77
67-->[androidx.work:work-runtime:2.7.0] AndroidManifest.xml:28:22-74
68    <uses-permission android:name="com.google.android.providers.gsf.permission.READ_GSERVICES" /> <!-- Required by older versions of Google Play services to create IID tokens -->
68-->[com.google.android.recaptcha:recaptcha:18.4.0] AndroidManifest.xml:9:5-98
68-->[com.google.android.recaptcha:recaptcha:18.4.0] AndroidManifest.xml:9:22-95
69    <uses-permission android:name="com.google.android.c2dm.permission.RECEIVE" />
69-->[com.google.firebase:firebase-messaging:23.2.1] AndroidManifest.xml:26:5-82
69-->[com.google.firebase:firebase-messaging:23.2.1] AndroidManifest.xml:26:22-79
70    <uses-permission android:name="com.applovin.array.apphub.permission.BIND_APPHUB_SERVICE" />
70-->[com.applovin:applovin-sdk:12.3.0] AndroidManifest.xml:19:5-96
70-->[com.applovin:applovin-sdk:12.3.0] AndroidManifest.xml:19:22-93
71    <uses-permission android:name="com.google.android.finsky.permission.BIND_GET_INSTALL_REFERRER_SERVICE" /> <!-- To store the heap dumps and leak analysis results. -->
71-->[com.google.android.gms:play-services-measurement:21.3.0] AndroidManifest.xml:26:5-110
71-->[com.google.android.gms:play-services-measurement:21.3.0] AndroidManifest.xml:26:22-107
72    <uses-permission android:name="android.permission.WRITE_EXTERNAL_STORAGE" />
72-->[com.github.markzhai:blockcanary-analyzer:1.5.0] AndroidManifest.xml:12:5-81
72-->[com.github.markzhai:blockcanary-analyzer:1.5.0] AndroidManifest.xml:12:22-78
73    <uses-permission android:name="android.permission.READ_PHONE_STATE" /> <!-- Android9.0以上都要https，不能http了  需要添加 usesCleartextTraffic 属性 -->
73-->[com.github.markzhai:blockcanary-analyzer:1.5.0] AndroidManifest.xml:13:5-75
73-->[com.github.markzhai:blockcanary-analyzer:1.5.0] AndroidManifest.xml:13:22-72
74    <application
74-->src\main\AndroidManifest.xml:6:5-98:19
75        android:name="com.smedia.funreels.AppApplication"
75-->src\main\AndroidManifest.xml:8:9-58
76        android:allowBackup="true"
76-->src\main\AndroidManifest.xml:16:9-35
77        android:appComponentFactory="androidx.core.app.CoreComponentFactory"
77-->[androidx.core:core:1.8.0] AndroidManifest.xml:24:18-86
78        android:fullBackupContent="@xml/appsflyer_backup_rules"
78-->[com.appsflyer:af-android-sdk:6.12.3] AndroidManifest.xml:21:18-73
79        android:icon="@mipmap/app_ic_launcher"
79-->src\main\AndroidManifest.xml:9:9-47
80        android:label="@string/app_name"
80-->src\main\AndroidManifest.xml:10:9-41
81        android:maxAspectRatio="2.4"
81-->src\main\AndroidManifest.xml:14:9-37
82        android:networkSecurityConfig="@xml/network_security_config"
82-->src\main\AndroidManifest.xml:17:9-69
83        android:requestLegacyExternalStorage="true"
83-->src\main\AndroidManifest.xml:15:9-52
84        android:resizeableActivity="true"
84-->src\main\AndroidManifest.xml:13:9-42
85        android:roundIcon="@mipmap/app_ic_launcher_round"
85-->src\main\AndroidManifest.xml:12:9-58
86        android:supportsRtl="false"
86-->src\main\AndroidManifest.xml:11:9-36
87        android:theme="@style/Theme.ShortVideo"
87-->src\main\AndroidManifest.xml:18:9-48
88        android:usesCleartextTraffic="true" >
88-->src\main\AndroidManifest.xml:7:9-44
89        <activity
89-->src\main\AndroidManifest.xml:24:9-25:40
90            android:name="com.github.moduth.blockcanary.ui.DisplayActivity"
90-->src\main\AndroidManifest.xml:24:19-82
91            android:enabled="false"
91-->[com.github.markzhai:blockcanary-android:1.5.0] AndroidManifest.xml:14:13-36
92            android:exported="false"
92-->src\main\AndroidManifest.xml:25:13-37
93            android:icon="@drawable/block_canary_icon"
93-->[com.github.markzhai:blockcanary-android:1.5.0] AndroidManifest.xml:15:13-55
94            android:label="@string/block_canary_display_activity_label"
94-->[com.github.markzhai:blockcanary-android:1.5.0] AndroidManifest.xml:16:13-72
95            android:taskAffinity="com.github.moduth.blockcanary"
95-->[com.github.markzhai:blockcanary-android:1.5.0] AndroidManifest.xml:17:13-65
96            android:theme="@style/block_canary_BlockCanary.Base" >
96-->[com.github.markzhai:blockcanary-android:1.5.0] AndroidManifest.xml:18:13-65
97            <intent-filter>
97-->[:module_main] AndroidManifest.xml:19:13-23:29
98                <action android:name="android.intent.action.MAIN" />
98-->[:module_main] AndroidManifest.xml:20:17-69
98-->[:module_main] AndroidManifest.xml:20:25-66
99
100                <category android:name="android.intent.category.LAUNCHER" />
100-->[:module_main] AndroidManifest.xml:22:17-77
100-->[:module_main] AndroidManifest.xml:22:27-74
101            </intent-filter>
102        </activity>
103
104        <!-- 全面屏适配 -->
105        <meta-data
105-->src\main\AndroidManifest.xml:29:9-31:35
106            android:name="android.max_aspect"
106-->src\main\AndroidManifest.xml:30:13-46
107            android:value="2.4" />
107-->src\main\AndroidManifest.xml:31:13-32
108        <!-- 适配华为（huawei）刘海屏 -->
109        <meta-data
109-->src\main\AndroidManifest.xml:33:9-35:35
110            android:name="android.notch_support"
110-->src\main\AndroidManifest.xml:34:13-49
111            android:value="true" />
111-->src\main\AndroidManifest.xml:35:13-33
112        <!-- 适配小米（xiaomi）刘海屏 -->
113        <meta-data
113-->src\main\AndroidManifest.xml:37:9-39:50
114            android:name="notch.config"
114-->src\main\AndroidManifest.xml:38:13-40
115            android:value="portrait|landscape" />
115-->src\main\AndroidManifest.xml:39:13-47
116        <!-- 屏幕适配 -->
117        <meta-data
117-->src\main\AndroidManifest.xml:41:9-43:34
118            android:name="design_width_in_dp"
118-->src\main\AndroidManifest.xml:42:13-46
119            android:value="375" />
119-->src\main\AndroidManifest.xml:43:13-32
120        <meta-data
120-->src\main\AndroidManifest.xml:44:9-46:34
121            android:name="design_height_in_dp"
121-->src\main\AndroidManifest.xml:45:13-47
122            android:value="812" />
122-->src\main\AndroidManifest.xml:46:13-32
123        <!-- bugly -->
124        <meta-data
125            android:name="BUGLY_APP_CHANNEL"
125-->src\main\AndroidManifest.xml:49:13-45
126            android:value="FunTV" />
126-->src\main\AndroidManifest.xml:50:13-45
127
128        <!-- facebook -->
129        <meta-data
129-->src\main\AndroidManifest.xml:53:9-55:55
130            android:name="com.facebook.sdk.ApplicationId"
130-->src\main\AndroidManifest.xml:54:13-58
131            android:value="@string/facebook_app_id" />
131-->src\main\AndroidManifest.xml:55:13-52
132        <meta-data
132-->src\main\AndroidManifest.xml:57:9-58:60
133            android:name="com.facebook.sdk.ClientToken"
133-->src\main\AndroidManifest.xml:57:20-63
134            android:value="@string/facebook_client_token" />
134-->src\main\AndroidManifest.xml:58:13-58
135
136        <!-- google广告 -->
137
138        <meta-data
138-->src\main\AndroidManifest.xml:62:9-64:56
139            android:name="com.google.android.gms.ads.APPLICATION_ID"
139-->src\main\AndroidManifest.xml:63:13-69
140            android:value="@string/google_ca_app_pub" />
140-->src\main\AndroidManifest.xml:64:13-54
141        <meta-data
141-->src\main\AndroidManifest.xml:66:9-68:37
142            android:name="com.openinstall.APP_KEY"
142-->src\main\AndroidManifest.xml:67:13-51
143            android:value="mpn523" />
143-->src\main\AndroidManifest.xml:68:13-35
144        <meta-data
144-->src\main\AndroidManifest.xml:70:9-72:36
145            android:name="com.google.android.gms.ads.AD_MANAGER_APP"
145-->src\main\AndroidManifest.xml:71:13-69
146            android:value="true" />
146-->src\main\AndroidManifest.xml:72:13-33
147        <!-- AliPlayer -->
148        <meta-data
148-->src\main\AndroidManifest.xml:74:9-77:80
149            android:name="com.aliyun.alivc_license.licensekey"
149-->src\main\AndroidManifest.xml:76:13-63
150            android:value="CPbaCXjalDskmTBq6f0ee8a6639ab40138f0c757aebd440ab" />
150-->src\main\AndroidManifest.xml:77:13-78
151        <meta-data
151-->src\main\AndroidManifest.xml:78:9-81:49
152            android:name="com.aliyun.alivc_license.licensefile"
152-->src\main\AndroidManifest.xml:80:13-64
153            android:value="assets/release.crt" />
153-->src\main\AndroidManifest.xml:81:13-47
154
155        <!-- Applovin广告 -->
156        <meta-data
156-->src\main\AndroidManifest.xml:84:9-85:117
157            android:name="applovin.sdk.key"
157-->src\main\AndroidManifest.xml:84:20-51
158            android:value="hy7yEGen8tlKyf1GiU8tVaZD4Tz0X6zd6kJEKwIsiScsMIvlUSm4dRGt84Devk_kmHIhuPbTLSmhLf2J24KSVr" />
158-->src\main\AndroidManifest.xml:85:13-115
159
160        <provider
160-->src\main\AndroidManifest.xml:88:9-96:20
161            android:name="androidx.core.content.FileProvider"
161-->src\main\AndroidManifest.xml:89:13-62
162            android:authorities="com.smedia.funreels.fileprovider"
162-->src\main\AndroidManifest.xml:90:13-67
163            android:exported="false"
163-->src\main\AndroidManifest.xml:92:13-37
164            android:grantUriPermissions="true" >
164-->src\main\AndroidManifest.xml:91:13-47
165            <meta-data
165-->src\main\AndroidManifest.xml:93:13-95:54
166                android:name="android.support.FILE_PROVIDER_PATHS"
166-->src\main\AndroidManifest.xml:94:17-67
167                android:resource="@xml/file_paths" />
167-->src\main\AndroidManifest.xml:95:17-51
168        </provider>
169
170        <!-- android:theme="@style/Theme.App.Starting" -->
171        <activity
171-->[:module_main] AndroidManifest.xml:13:9-57:20
172            android:name="com.example.module_main.ui.splash.SplashActivity"
172-->[:module_main] AndroidManifest.xml:14:13-76
173            android:autoVerify="true"
173-->[:module_main] AndroidManifest.xml:15:13-38
174            android:exported="true"
174-->[:module_main] AndroidManifest.xml:16:13-36
175            android:theme="@style/Theme.Splash" >
175-->[:module_main] AndroidManifest.xml:17:13-48
176            <intent-filter>
176-->[:module_main] AndroidManifest.xml:19:13-23:29
177                <action android:name="android.intent.action.MAIN" />
177-->[:module_main] AndroidManifest.xml:20:17-69
177-->[:module_main] AndroidManifest.xml:20:25-66
178
179                <category android:name="android.intent.category.LAUNCHER" />
179-->[:module_main] AndroidManifest.xml:22:17-77
179-->[:module_main] AndroidManifest.xml:22:27-74
180            </intent-filter>
181            <intent-filter android:autoVerify="true" >
181-->[:module_main] AndroidManifest.xml:24:13-35:29
181-->[:module_main] AndroidManifest.xml:25:17-42
182                <action android:name="android.intent.action.VIEW" />
182-->[:module_main] AndroidManifest.xml:27:17-69
182-->[:module_main] AndroidManifest.xml:27:25-66
183
184                <category android:name="android.intent.category.DEFAULT" />
184-->[:module_main] AndroidManifest.xml:29:17-76
184-->[:module_main] AndroidManifest.xml:29:27-73
185                <category android:name="android.intent.category.BROWSABLE" />
185-->[:module_main] AndroidManifest.xml:30:17-78
185-->[:module_main] AndroidManifest.xml:30:27-75
186
187                <data
187-->[:module_main] AndroidManifest.xml:32:17-34:50
188                    android:host="cct.com.smedia.funreels"
188-->[:module_main] AndroidManifest.xml:33:21-59
189                    android:scheme="fbconnect" />
189-->[:module_main] AndroidManifest.xml:34:21-47
190            </intent-filter>
191            <intent-filter android:autoVerify="true" >
191-->[:module_main] AndroidManifest.xml:36:13-46:29
191-->[:module_main] AndroidManifest.xml:37:17-42
192                <action android:name="android.intent.action.VIEW" />
192-->[:module_main] AndroidManifest.xml:27:17-69
192-->[:module_main] AndroidManifest.xml:27:25-66
193
194                <category android:name="android.intent.category.DEFAULT" />
194-->[:module_main] AndroidManifest.xml:29:17-76
194-->[:module_main] AndroidManifest.xml:29:27-73
195                <category android:name="android.intent.category.BROWSABLE" />
195-->[:module_main] AndroidManifest.xml:30:17-78
195-->[:module_main] AndroidManifest.xml:30:27-75
196
197                <data android:scheme="android" />
197-->[:module_main] AndroidManifest.xml:32:17-34:50
197-->[:module_main] AndroidManifest.xml:34:21-47
198                <data android:host="funtv_app" />
198-->[:module_main] AndroidManifest.xml:32:17-34:50
198-->[:module_main] AndroidManifest.xml:33:21-59
199            </intent-filter>
200
201            <!-- openInstall -->
202            <intent-filter>
202-->[:module_main] AndroidManifest.xml:49:13-56:29
203                <action android:name="android.intent.action.VIEW" />
203-->[:module_main] AndroidManifest.xml:27:17-69
203-->[:module_main] AndroidManifest.xml:27:25-66
204
205                <category android:name="android.intent.category.DEFAULT" />
205-->[:module_main] AndroidManifest.xml:29:17-76
205-->[:module_main] AndroidManifest.xml:29:27-73
206                <category android:name="android.intent.category.BROWSABLE" />
206-->[:module_main] AndroidManifest.xml:30:17-78
206-->[:module_main] AndroidManifest.xml:30:27-75
207
208                <data android:scheme="mpn523" />
208-->[:module_main] AndroidManifest.xml:32:17-34:50
208-->[:module_main] AndroidManifest.xml:34:21-47
209            </intent-filter>
210        </activity>
211
212        <service
212-->[:module_main] AndroidManifest.xml:59:9-67:19
213            android:name="com.example.module_main.service.MyFirebaseMessagingService"
213-->[:module_main] AndroidManifest.xml:60:13-86
214            android:directBootAware="true"
214-->[:module_main] AndroidManifest.xml:61:13-43
215            android:exported="false" >
215-->[:module_main] AndroidManifest.xml:62:13-37
216            <intent-filter>
216-->[:module_main] AndroidManifest.xml:64:13-66:29
217                <action android:name="com.google.firebase.MESSAGING_EVENT" />
217-->[:module_main] AndroidManifest.xml:65:17-78
217-->[:module_main] AndroidManifest.xml:65:25-75
218            </intent-filter>
219        </service>
220
221        <activity
221-->[:module_main] AndroidManifest.xml:69:9-74:20
222            android:name="com.example.module_main.ui.main.MainActivity"
222-->[:module_main] AndroidManifest.xml:70:13-72
223            android:exported="true"
223-->[:module_main] AndroidManifest.xml:71:13-36
224            android:launchMode="singleTask"
224-->[:module_main] AndroidManifest.xml:72:13-44
225            android:screenOrientation="portrait" >
225-->[:module_main] AndroidManifest.xml:73:13-49
226        </activity>
227        <activity
227-->[:module_main] AndroidManifest.xml:75:9-79:52
228            android:name="com.example.module_main.ui.history.PlayBackHistoryActivity"
228-->[:module_main] AndroidManifest.xml:76:13-86
229            android:exported="false"
229-->[:module_main] AndroidManifest.xml:77:13-37
230            android:launchMode="singleTask"
230-->[:module_main] AndroidManifest.xml:78:13-44
231            android:screenOrientation="portrait" />
231-->[:module_main] AndroidManifest.xml:79:13-49
232        <activity
232-->[:module_main] AndroidManifest.xml:80:9-84:52
233            android:name="com.example.module_main.ui.wallet.StoreActivity"
233-->[:module_main] AndroidManifest.xml:81:13-75
234            android:exported="false"
234-->[:module_main] AndroidManifest.xml:82:13-37
235            android:launchMode="singleTask"
235-->[:module_main] AndroidManifest.xml:83:13-44
236            android:screenOrientation="portrait" />
236-->[:module_main] AndroidManifest.xml:84:13-49
237        <activity
237-->[:module_main] AndroidManifest.xml:85:9-89:52
238            android:name="com.example.module_main.ui.my_wallet.MyWalletActivity"
238-->[:module_main] AndroidManifest.xml:86:13-81
239            android:exported="false"
239-->[:module_main] AndroidManifest.xml:87:13-37
240            android:launchMode="singleTask"
240-->[:module_main] AndroidManifest.xml:88:13-44
241            android:screenOrientation="portrait" />
241-->[:module_main] AndroidManifest.xml:89:13-49
242        <activity
242-->[:module_main] AndroidManifest.xml:90:9-94:52
243            android:name="com.example.module_main.ui.transaction.TransactionAllActivity"
243-->[:module_main] AndroidManifest.xml:91:13-89
244            android:exported="false"
244-->[:module_main] AndroidManifest.xml:92:13-37
245            android:launchMode="singleTask"
245-->[:module_main] AndroidManifest.xml:93:13-44
246            android:screenOrientation="portrait" />
246-->[:module_main] AndroidManifest.xml:94:13-49
247        <activity
247-->[:module_main] AndroidManifest.xml:95:9-99:52
248            android:name="com.example.module_main.ui.transaction.TransactionHisActivity"
248-->[:module_main] AndroidManifest.xml:96:13-89
249            android:exported="false"
249-->[:module_main] AndroidManifest.xml:97:13-37
250            android:launchMode="singleTask"
250-->[:module_main] AndroidManifest.xml:98:13-44
251            android:screenOrientation="portrait" />
251-->[:module_main] AndroidManifest.xml:99:13-49
252        <activity
252-->[:module_main] AndroidManifest.xml:100:9-104:52
253            android:name="com.example.module_main.ui.episodes.EpisodesActivity"
253-->[:module_main] AndroidManifest.xml:101:13-80
254            android:exported="false"
254-->[:module_main] AndroidManifest.xml:102:13-37
255            android:launchMode="singleTask"
255-->[:module_main] AndroidManifest.xml:103:13-44
256            android:screenOrientation="portrait" />
256-->[:module_main] AndroidManifest.xml:104:13-49
257        <activity
257-->[:module_main] AndroidManifest.xml:105:9-109:52
258            android:name="com.example.module_main.ui.bonus.BonusHisActivity"
258-->[:module_main] AndroidManifest.xml:106:13-77
259            android:exported="false"
259-->[:module_main] AndroidManifest.xml:107:13-37
260            android:launchMode="singleTask"
260-->[:module_main] AndroidManifest.xml:108:13-44
261            android:screenOrientation="portrait" /> <!-- <activity -->
261-->[:module_main] AndroidManifest.xml:109:13-49
262        <!-- android:name=".ui.bonusCenter.BonusCenterActivity" -->
263        <!-- android:exported="false" -->
264        <!-- android:launchMode="singleTask" -->
265        <!-- android:screenOrientation="portrait" /> -->
266        <activity
266-->[:module_main] AndroidManifest.xml:117:9-121:52
267            android:name="com.example.module_main.ui.bonusCenter.NewBonusCenterActivity"
267-->[:module_main] AndroidManifest.xml:118:13-89
268            android:exported="true"
268-->[:module_main] AndroidManifest.xml:119:13-36
269            android:launchMode="singleTask"
269-->[:module_main] AndroidManifest.xml:120:13-44
270            android:screenOrientation="portrait" />
270-->[:module_main] AndroidManifest.xml:121:13-49
271        <activity
271-->[:module_main] AndroidManifest.xml:122:9-126:52
272            android:name="com.example.module_main.ui.invite.InviteFriendActivity"
272-->[:module_main] AndroidManifest.xml:123:13-82
273            android:exported="true"
273-->[:module_main] AndroidManifest.xml:124:13-36
274            android:launchMode="singleTask"
274-->[:module_main] AndroidManifest.xml:125:13-44
275            android:screenOrientation="portrait" />
275-->[:module_main] AndroidManifest.xml:126:13-49
276        <activity
276-->[:module_main] AndroidManifest.xml:127:9-131:52
277            android:name="com.example.module_main.ui.setting.SettingActivity"
277-->[:module_main] AndroidManifest.xml:128:13-78
278            android:exported="false"
278-->[:module_main] AndroidManifest.xml:129:13-37
279            android:launchMode="singleTask"
279-->[:module_main] AndroidManifest.xml:130:13-44
280            android:screenOrientation="portrait" />
280-->[:module_main] AndroidManifest.xml:131:13-49
281        <activity
281-->[:module_main] AndroidManifest.xml:132:9-136:52
282            android:name="com.example.module_main.ui.host.HostActivity"
282-->[:module_main] AndroidManifest.xml:133:13-72
283            android:exported="false"
283-->[:module_main] AndroidManifest.xml:134:13-37
284            android:launchMode="singleTask"
284-->[:module_main] AndroidManifest.xml:135:13-44
285            android:screenOrientation="portrait" />
285-->[:module_main] AndroidManifest.xml:136:13-49
286        <activity
286-->[:module_main] AndroidManifest.xml:137:9-141:52
287            android:name="com.example.module_main.ui.web.WebViewActivity"
287-->[:module_main] AndroidManifest.xml:138:13-74
288            android:exported="false"
288-->[:module_main] AndroidManifest.xml:139:13-37
289            android:launchMode="singleTask"
289-->[:module_main] AndroidManifest.xml:140:13-44
290            android:screenOrientation="portrait" />
290-->[:module_main] AndroidManifest.xml:141:13-49
291        <activity
291-->[:module_main] AndroidManifest.xml:142:9-146:52
292            android:name="com.example.module_main.ui.web.TiktokWebViewActivity"
292-->[:module_main] AndroidManifest.xml:143:13-80
293            android:exported="false"
293-->[:module_main] AndroidManifest.xml:144:13-37
294            android:launchMode="singleTask"
294-->[:module_main] AndroidManifest.xml:145:13-44
295            android:screenOrientation="portrait" />
295-->[:module_main] AndroidManifest.xml:146:13-49
296        <activity
296-->[:module_main] AndroidManifest.xml:147:9-151:52
297            android:name="com.example.module_main.ui.search.SearchActivity"
297-->[:module_main] AndroidManifest.xml:148:13-76
298            android:exported="false"
298-->[:module_main] AndroidManifest.xml:149:13-37
299            android:launchMode="singleTop"
299-->[:module_main] AndroidManifest.xml:150:13-43
300            android:screenOrientation="portrait" />
300-->[:module_main] AndroidManifest.xml:151:13-49
301        <activity
301-->[:module_main] AndroidManifest.xml:152:9-156:52
302            android:name="com.example.module_main.ui.bonus.BonusHistoryActivity"
302-->[:module_main] AndroidManifest.xml:153:13-81
303            android:exported="false"
303-->[:module_main] AndroidManifest.xml:154:13-37
304            android:launchMode="singleTop"
304-->[:module_main] AndroidManifest.xml:155:13-43
305            android:screenOrientation="portrait" />
305-->[:module_main] AndroidManifest.xml:156:13-49
306        <activity
306-->[:module_main] AndroidManifest.xml:157:9-161:52
307            android:name="com.example.module_main.ui.home.TrendingActivity"
307-->[:module_main] AndroidManifest.xml:158:13-76